<?xml version="1.0" encoding="UTF-8"?>
<!-- Generated by org.testng.reporters.JUnitReportReporter -->
<testsuite hostname="vendskp54" name="orange_hrm_tests.sample" tests="1" failures="0" timestamp="21 Jul 2016 08:51:20 GMT" time="18.243" errors="0">
  <testcase name="sampleMethod" time="18.243" classname="orange_hrm_tests.sample"/>
</testsuite> <!-- orange_hrm_tests.sample -->
